<?xml version="1.0" encoding="UTF-8"?>
<testsuite xmlns:xsi="http://www.w3.org/2001/XMLSchema-instance" xsi:noNamespaceSchemaLocation="https://maven.apache.org/surefire/maven-surefire-plugin/xsd/surefire-test-report-3.0.xsd" version="3.0" name="nba.back.BackApplicationTests" time="149.945" tests="1" errors="0" skipped="0" failures="0">
  <properties>
[...]
</properties>
  <testcase name="contextLoads" classname="nba.back.BackApplicationTests" time="14.443">
    <system-out><![CDATA[15:58:20.221 [main] INFO org.springframework.test.context.support.AnnotationConfigContextLoaderUtils -- Could not detect default configuration classes for test class [nba.back.BackApplicationTests]: BackApplicationTests does not declare any static, non-private, non-final, nested classes annotated with @Configuration.
15:58:24.177 [main] INFO org.springframework.boot.test.context.SpringBootTestContextBootstrapper -- Found @SpringBootConfiguration nba.back.BackApplication for test class nba.back.BackApplicationTests
15:58:28.802 [main] INFO org.springframework.boot.devtools.restart.RestartApplicationListener -- Restart disabled due to context in which it is running

  .   ____          _            __ _ _
 /\\ / ___'_ __ _ _(_)_ __  __ _ \ \ \ \
( ( )\___ | '_ | '_| | '_ \/ _` | \ \ \ \
 \\/  ___)| |_)| | | | | || (_| |  ) ) ) )
  '  |____| .__|_| |_|_| |_\__, | / / / /
 =========|_|==============|___/=/_/_/_/
 :: Spring Boot ::                (v3.1.6)

2023-12-29T15:58:38.405+01:00  INFO 7912 --- [           main] nba.back.BackApplicationTests            : Starting BackApplicationTests using Java 17.0.2 with PID 7912 (started by Tita in F:\S5\web_avance\deploiement-spring-boot)
2023-12-29T15:58:38.421+01:00  INFO 7912 --- [           main] nba.back.BackApplicationTests            : No active profile set, falling back to 1 default profile: "default"
2023-12-29T15:58:54.143+01:00  INFO 7912 --- [           main] .s.d.r.c.RepositoryConfigurationDelegate : Bootstrapping Spring Data JPA repositories in DEFAULT mode.
2023-12-29T15:58:56.022+01:00  INFO 7912 --- [           main] .s.d.r.c.RepositoryConfigurationDelegate : Finished Spring Data repository scanning in 1696 ms. Found 1 JPA repository interface.
2023-12-29T15:59:11.556+01:00  INFO 7912 --- [           main] o.hibernate.jpa.internal.util.LogHelper  : HHH000204: Processing PersistenceUnitInfo [name: default]
2023-12-29T15:59:13.252+01:00  INFO 7912 --- [           main] org.hibernate.Version                    : HHH000412: Hibernate ORM core version 6.2.13.Final
2023-12-29T15:59:13.268+01:00  INFO 7912 --- [           main] org.hibernate.cfg.Environment            : HHH000406: Using bytecode reflection optimizer
2023-12-29T15:59:21.301+01:00  INFO 7912 --- [           main] o.s.o.j.p.SpringPersistenceUnitInfo      : No LoadTimeWeaver setup: ignoring JPA class transformer
2023-12-29T15:59:21.728+01:00  INFO 7912 --- [           main] com.zaxxer.hikari.HikariDataSource       : HikariPool-1 - Starting...
2023-12-29T15:59:35.283+01:00  INFO 7912 --- [           main] com.zaxxer.hikari.pool.HikariPool        : HikariPool-1 - Added connection org.postgresql.jdbc.PgConnection@22b82ddf
2023-12-29T15:59:35.283+01:00  INFO 7912 --- [           main] com.zaxxer.hikari.HikariDataSource       : HikariPool-1 - Start completed.
2023-12-29T15:59:36.094+01:00  WARN 7912 --- [           main] org.hibernate.orm.deprecation            : HHH90000025: PostgreSQLDialect does not need to be specified explicitly using 'hibernate.dialect' (remove the property setting and it will be selected by default)
2023-12-29T15:59:58.475+01:00  INFO 7912 --- [           main] o.h.e.t.j.p.i.JtaPlatformInitiator       : HHH000489: No JTA platform available (set 'hibernate.transaction.jta.platform' to enable JTA platform integration)
2023-12-29T16:00:00.783+01:00  INFO 7912 --- [           main] j.LocalContainerEntityManagerFactoryBean : Initialized JPA EntityManagerFactory for persistence unit 'default'
2023-12-29T16:00:12.512+01:00 ERROR 7912 --- [           main] o.a.catalina.core.AprLifecycleListener   : An incompatible version [1.2.33] of the Apache Tomcat Native library is installed, while Tomcat requires version [1.2.34]
2023-12-29T16:00:15.574+01:00  WARN 7912 --- [           main] JpaBaseConfiguration$JpaWebConfiguration : spring.jpa.open-in-view is enabled by default. Therefore, database queries may be performed during view rendering. Explicitly configure spring.jpa.open-in-view to disable this warning
2023-12-29T16:00:31.842+01:00  INFO 7912 --- [           main] nba.back.BackApplicationTests            : Started BackApplicationTests in 123.522 seconds (process running for 141.173)
]]></system-out>
  </testcase>
</testsuite>